[17624:18144:0511/164336.160:WARNING:t_skinfilemap.cpp(56)] SGRenderLog:CheckUpdate newMem.OpenMem failed, szNewMem:Local\sgime_skin.v2.filemap.sogouime err:系统错误2: 系统找不到指定的文件。  
打开Filemap失败: Local\sgime_skin.v2.filemap.sogouime309782488d7
[17624:18144:0511/164336.160:WARNING:t_skinfilemap.cpp(65)] SGRenderLog:CheckUpdate finish: old version:1
[17624:18144:0511/164336.160:WARNING:t_skinfilemap.cpp(67)] SGRenderLog:CheckUpdate finish: new version:2
[17624:18144:0511/164336.236:WARNING:t_skinfilemap.cpp(63)] SGRenderLog:CheckUpdate newMem.OpenMem Suc, szNewMem:Local\sgime_skin.Dpi120.v2.filemap.sogouime
[17624:18144:0511/164336.236:WARNING:t_skinfilemap.cpp(65)] SGRenderLog:CheckUpdate finish: old version:2
[17624:18144:0511/164336.236:WARNING:t_skinfilemap.cpp(67)] SGRenderLog:CheckUpdate finish: new version:2
[30804:9744:0511/164612.504:WARNING:t_skinfilemap.cpp(56)] SGRenderLog:CheckUpdate newMem.OpenMem failed, szNewMem:Local\sgime_skin.v2.filemap.sogouime err:系统错误2: 系统找不到指定的文件。  
打开Filemap失败: Local\sgime_skin.v2.filemap.sogouime309782488d7
[30804:9744:0511/164612.504:WARNING:t_skinfilemap.cpp(65)] SGRenderLog:CheckUpdate finish: old version:1
[30804:9744:0511/164612.504:WARNING:t_skinfilemap.cpp(67)] SGRenderLog:CheckUpdate finish: new version:2
[30804:9744:0511/164612.562:WARNING:t_skinfilemap.cpp(63)] SGRenderLog:CheckUpdate newMem.OpenMem Suc, szNewMem:Local\sgime_skin.Dpi120.v2.filemap.sogouime
[30804:9744:0511/164612.562:WARNING:t_skinfilemap.cpp(65)] SGRenderLog:CheckUpdate finish: old version:2
[30804:9744:0511/164612.562:WARNING:t_skinfilemap.cpp(67)] SGRenderLog:CheckUpdate finish: new version:2
[16664:27712:0511/164625.100:WARNING:t_skinfilemap.cpp(56)] SGRenderLog:CheckUpdate newMem.OpenMem failed, szNewMem:Local\sgime_skin.v2.filemap.sogouime err:系统错误2: 系统找不到指定的文件。  
打开Filemap失败: Local\sgime_skin.v2.filemap.sogouime309782488d7
[16664:27712:0511/164625.100:WARNING:t_skinfilemap.cpp(65)] SGRenderLog:CheckUpdate finish: old version:1
[16664:27712:0511/164625.100:WARNING:t_skinfilemap.cpp(67)] SGRenderLog:CheckUpdate finish: new version:2
[16664:27712:0511/164625.158:WARNING:t_skinfilemap.cpp(63)] SGRenderLog:CheckUpdate newMem.OpenMem Suc, szNewMem:Local\sgime_skin.Dpi120.v2.filemap.sogouime
[16664:27712:0511/164625.158:WARNING:t_skinfilemap.cpp(65)] SGRenderLog:CheckUpdate finish: old version:2
[16664:27712:0511/164625.158:WARNING:t_skinfilemap.cpp(67)] SGRenderLog:CheckUpdate finish: new version:2
[2784:30716:0511/165120.827:WARNING:t_skinfilemap.cpp(56)] SGRenderLog:CheckUpdate newMem.OpenMem failed, szNewMem:Local\sgime_skin.v2.filemap.sogouime err:系统错误2: 系统找不到指定的文件。  
打开Filemap失败: Local\sgime_skin.v2.filemap.sogouime309782488d7
[2784:30716:0511/165120.827:WARNING:t_skinfilemap.cpp(65)] SGRenderLog:CheckUpdate finish: old version:1
[2784:30716:0511/165120.827:WARNING:t_skinfilemap.cpp(67)] SGRenderLog:CheckUpdate finish: new version:2
[2784:30716:0511/165120.885:WARNING:t_skinfilemap.cpp(63)] SGRenderLog:CheckUpdate newMem.OpenMem Suc, szNewMem:Local\sgime_skin.Dpi120.v2.filemap.sogouime
[2784:30716:0511/165120.885:WARNING:t_skinfilemap.cpp(65)] SGRenderLog:CheckUpdate finish: old version:2
[2784:30716:0511/165120.885:WARNING:t_skinfilemap.cpp(67)] SGRenderLog:CheckUpdate finish: new version:2
